# JRE version: Java(TM) SE Runtime Environment (16.0.1+9) (build 16.0.1+9-24)
# Java VM: Java HotSpot(TM) 64-Bit Server VM (16.0.1+9-24, mixed mode, sharing, tiered, compressed oops, compressed class ptrs, g1 gc, bsd-amd64)
GC Precious Log:
 CPUs: 4 total, 4 available
 Memory: 16384M
 Large Page Support: Disabled
 NUMA Support: Disabled
 Compressed Oops: Enabled (Zero based)
 Heap Region Size: 2M
 Heap Min Capacity: 8M
 Heap Initial Capacity: 256M
 Heap Max Capacity: 4G
 Pre-touch: Disabled
 Parallel Workers: 4
 Concurrent Workers: 1
 Concurrent Refinement Workers: 4
 Periodic GC: Disabled
Heap:
 garbage-first heap   total 69632K, used 37681K [0x0000000700000000, 0x0000000800000000)
  region size 2048K, 13 young (26624K), 1 survivors (2048K)
 Metaspace       used 25960K, committed 26304K, reserved 1073152K
  class space    used 3502K, committed 3712K, reserved 1048576K
GC Heap History (10 events):
Event: 0.588 GC heap before
{Heap before GC invocations=0 (full 0):
 garbage-first heap   total 266240K, used 14280K [0x0000000700000000, 0x0000000800000000)
  region size 2048K, 6 young (12288K), 0 survivors (0K)
 Metaspace       used 2614K, committed 2816K, reserved 1056768K
  class space    used 281K, committed 384K, reserved 1048576K
}
Event: 0.594 GC heap after
{Heap after GC invocations=1 (full 0):
 garbage-first heap   total 266240K, used 6266K [0x0000000700000000, 0x0000000800000000)
  region size 2048K, 1 young (2048K), 1 survivors (2048K)
 Metaspace       used 2614K, committed 2816K, reserved 1056768K
  class space    used 281K, committed 384K, reserved 1048576K
}
Event: 0.711 GC heap before
{Heap before GC invocations=1 (full 0):
 garbage-first heap   total 266240K, used 14458K [0x0000000700000000, 0x0000000800000000)
  region size 2048K, 6 young (12288K), 1 survivors (2048K)
 Metaspace       used 3536K, committed 3712K, reserved 1056768K
  class space    used 414K, committed 512K, reserved 1048576K
}
Event: 0.713 GC heap after
{Heap after GC invocations=2 (full 0):
 garbage-first heap   total 266240K, used 6734K [0x0000000700000000, 0x0000000800000000)
  region size 2048K, 1 young (2048K), 1 survivors (2048K)
 Metaspace       used 3536K, committed 3712K, reserved 1056768K
  class space    used 414K, committed 512K, reserved 1048576K
}
Event: 0.957 GC heap before
{Heap before GC invocations=2 (full 0):
 garbage-first heap   total 266240K, used 25166K [0x0000000700000000, 0x0000000800000000)
  region size 2048K, 11 young (22528K), 1 survivors (2048K)
 Metaspace       used 4962K, committed 5120K, reserved 1056768K
  class space    used 628K, committed 704K, reserved 1048576K
}
Event: 0.959 GC heap after
{Heap after GC invocations=3 (full 0):
 garbage-first heap   total 266240K, used 7105K [0x0000000700000000, 0x0000000800000000)
  region size 2048K, 1 young (2048K), 1 survivors (2048K)
 Metaspace       used 4962K, committed 5120K, reserved 1056768K
  class space    used 628K, committed 704K, reserved 1048576K
}
Event: 8.566 GC heap before
{Heap before GC invocations=3 (full 0):
 garbage-first heap   total 266240K, used 136129K [0x0000000700000000, 0x0000000800000000)
  region size 2048K, 66 young (135168K), 1 survivors (2048K)
 Metaspace       used 21004K, committed 21248K, reserved 1073152K
  class space    used 2855K, committed 2944K, reserved 1048576K
}
Event: 8.593 GC heap after
{Heap after GC invocations=4 (full 0):
 garbage-first heap   total 266240K, used 13669K [0x0000000700000000, 0x0000000800000000)
  region size 2048K, 4 young (8192K), 4 survivors (8192K)
 Metaspace       used 21004K, committed 21248K, reserved 1073152K
  class space    used 2855K, committed 2944K, reserved 1048576K
}
Event: 9.059 GC heap before
{Heap before GC invocations=5 (full 0):
 garbage-first heap   total 69632K, used 44389K [0x0000000700000000, 0x0000000800000000)
  region size 2048K, 20 young (40960K), 4 survivors (8192K)
 Metaspace       used 21919K, committed 22208K, reserved 1073152K
  class space    used 2982K, committed 3136K, reserved 1048576K
}
Event: 9.074 GC heap after
{Heap after GC invocations=6 (full 0):
 garbage-first heap   total 69632K, used 15153K [0x0000000700000000, 0x0000000800000000)
  region size 2048K, 1 young (2048K), 1 survivors (2048K)
 Metaspace       used 21919K, committed 22208K, reserved 1073152K
  class space    used 2982K, committed 3136K, reserved 1048576K
}

